<?xml version="1.0" encoding="UTF-8"?>
<!-- Generated by org.testng.reporters.JUnitXMLReporter -->
<testsuite ignored="0" hostname="RINMAC2354" failures="0" tests="17" name="Default test" time="0.069" errors="0" timestamp="16 Jul 2024 05:29:25 GMT">
  <testcase classname="application_tests.ReportGeneratorTest" name="testAverageBuildDurationByGeozone" time="0.017"/>
  <testcase classname="application_tests.ReportGeneratorTest" name="testAverageBuildDurationByGeozone_duplicateEntries" time="0.002"/>
  <testcase classname="application_tests.ReportGeneratorTest" name="testAverageBuildDurationByGeozone_emptyEntries" time="0.002"/>
  <testcase classname="application_tests.ReportGeneratorTest" name="testAverageBuildDurationByGeozone_singleEntry" time="0.002"/>
  <testcase classname="application_tests.ReportGeneratorTest" name="testAverageBuildDurationByGeozone_zeroDuration" time="0.001"/>
  <testcase classname="application_tests.ReportGeneratorTest" name="testUniqueCustomerCountByContract" time="0.001"/>
  <testcase classname="application_tests.ReportGeneratorTest" name="testUniqueCustomerCountByContract_duplicateEntries" time="0.002"/>
  <testcase classname="application_tests.ReportGeneratorTest" name="testUniqueCustomerCountByContract_emptyEntries" time="0.001"/>
  <testcase classname="application_tests.ReportGeneratorTest" name="testUniqueCustomerCountByContract_singleEntry" time="0.002"/>
  <testcase classname="application_tests.ReportGeneratorTest" name="testUniqueCustomerCountByGeozone" time="0.001"/>
  <testcase classname="application_tests.ReportGeneratorTest" name="testUniqueCustomerCountByGeozone_duplicateEntries" time="0.001"/>
  <testcase classname="application_tests.ReportGeneratorTest" name="testUniqueCustomerCountByGeozone_emptyEntries" time="0.001"/>
  <testcase classname="application_tests.ReportGeneratorTest" name="testUniqueCustomerCountByGeozone_singleEntry" time="0.001"/>
  <testcase classname="application_tests.ReportGeneratorTest" name="testUniqueCustomersByGeozone" time="0.001"/>
  <testcase classname="application_tests.ReportGeneratorTest" name="testUniqueCustomersByGeozone_duplicateEntries" time="0.001"/>
  <testcase classname="application_tests.ReportGeneratorTest" name="testUniqueCustomersByGeozone_emptyEntries" time="0.001"/>
  <testcase classname="application_tests.ReportGeneratorTest" name="testUniqueCustomersByGeozone_singleEntry" time="0.001"/>
</testsuite> <!-- Default test -->
