<?xml version="1.0" encoding="UTF-8"?>
<!-- Generated by org.testng.reporters.JUnitXMLReporter -->
<testsuite ignored="0" hostname="RINMAC2354" failures="0" tests="23" name="Test" time="0.053" errors="0" timestamp="16 Jul 2024 05:59:05 GMT">
  <testcase classname="application_tests.ReportGeneratorTest" name="testAverageBuildDurationByGeozone" time="0.011"/>
  <testcase classname="application_tests.ReportGeneratorTest" name="testAverageBuildDurationByGeozone_duplicateEntries" time="0.0"/>
  <testcase classname="application_tests.ReportGeneratorTest" name="testAverageBuildDurationByGeozone_emptyEntries" time="0.0"/>
  <testcase classname="application_tests.ReportGeneratorTest" name="testAverageBuildDurationByGeozone_singleEntry" time="0.0"/>
  <testcase classname="application_tests.ReportGeneratorTest" name="testAverageBuildDurationByGeozone_zeroDuration" time="0.001"/>
  <testcase classname="application_tests.ReportGeneratorTest" name="testUniqueCustomerCountByContract" time="0.001"/>
  <testcase classname="application_tests.ReportGeneratorTest" name="testUniqueCustomerCountByContract_duplicateEntries" time="0.0"/>
  <testcase classname="application_tests.ReportGeneratorTest" name="testUniqueCustomerCountByContract_emptyEntries" time="0.0"/>
  <testcase classname="application_tests.ReportGeneratorTest" name="testUniqueCustomerCountByContract_singleEntry" time="0.0"/>
  <testcase classname="application_tests.ReportGeneratorTest" name="testUniqueCustomerCountByGeozone" time="0.001"/>
  <testcase classname="application_tests.ReportGeneratorTest" name="testUniqueCustomerCountByGeozone_duplicateEntries" time="0.001"/>
  <testcase classname="application_tests.ReportGeneratorTest" name="testUniqueCustomerCountByGeozone_emptyEntries" time="0.001"/>
  <testcase classname="application_tests.ReportGeneratorTest" name="testUniqueCustomerCountByGeozone_singleEntry" time="0.0"/>
  <testcase classname="application_tests.ReportGeneratorTest" name="testUniqueCustomersByGeozone" time="0.0"/>
  <testcase classname="application_tests.ReportGeneratorTest" name="testUniqueCustomersByGeozone_duplicateEntries" time="0.001"/>
  <testcase classname="application_tests.ReportGeneratorTest" name="testUniqueCustomersByGeozone_emptyEntries" time="0.001"/>
  <testcase classname="application_tests.ReportGeneratorTest" name="testUniqueCustomersByGeozone_singleEntry" time="0.0"/>
  <testcase classname="application_tests.ExcelDataIntegrationTest" name="testAverageBuildDurationByGeozone" time="0.001"/>
  <testcase classname="application_tests.ExcelDataIntegrationTest" name="testDuplicateEntries" time="0.0"/>
  <testcase classname="application_tests.ExcelDataIntegrationTest" name="testEmptyEntries" time="0.0"/>
  <testcase classname="application_tests.ExcelDataIntegrationTest" name="testSingleEntry" time="0.0"/>
  <testcase classname="application_tests.ExcelDataIntegrationTest" name="testUniqueCustomerCountByContract" time="0.0"/>
  <testcase classname="application_tests.ExcelDataIntegrationTest" name="testUniqueCustomerCountByGeozone" time="0.001"/>
</testsuite> <!-- Test -->
