<?xml version="1.0" encoding="UTF-8"?>
<testsuite xmlns:xsi="http://www.w3.org/2001/XMLSchema-instance" xsi:noNamespaceSchemaLocation="https://maven.apache.org/surefire/maven-surefire-plugin/xsd/surefire-test-report.xsd" version="3.0.1" name="TestSuite" time="0.421" tests="23" errors="0" skipped="0" failures="0">
  <properties>
[...]
</properties>
  <testcase name="testAverageBuildDurationByGeozone" classname="application_tests.ReportGeneratorTest" time="0.01"/>
  <testcase name="testAverageBuildDurationByGeozone_duplicateEntries" classname="application_tests.ReportGeneratorTest" time="0.0"/>
  <testcase name="testAverageBuildDurationByGeozone_emptyEntries" classname="application_tests.ReportGeneratorTest" time="0.0"/>
  <testcase name="testAverageBuildDurationByGeozone_singleEntry" classname="application_tests.ReportGeneratorTest" time="0.0"/>
  <testcase name="testAverageBuildDurationByGeozone_zeroDuration" classname="application_tests.ReportGeneratorTest" time="0.0"/>
  <testcase name="testUniqueCustomerCountByContract" classname="application_tests.ReportGeneratorTest" time="0.0"/>
  <testcase name="testUniqueCustomerCountByContract_duplicateEntries" classname="application_tests.ReportGeneratorTest" time="0.001"/>
  <testcase name="testUniqueCustomerCountByContract_emptyEntries" classname="application_tests.ReportGeneratorTest" time="0.001"/>
  <testcase name="testUniqueCustomerCountByContract_singleEntry" classname="application_tests.ReportGeneratorTest" time="0.0"/>
  <testcase name="testUniqueCustomerCountByGeozone" classname="application_tests.ReportGeneratorTest" time="0.0"/>
  <testcase name="testUniqueCustomerCountByGeozone_duplicateEntries" classname="application_tests.ReportGeneratorTest" time="0.0"/>
  <testcase name="testUniqueCustomerCountByGeozone_emptyEntries" classname="application_tests.ReportGeneratorTest" time="0.0"/>
  <testcase name="testUniqueCustomerCountByGeozone_singleEntry" classname="application_tests.ReportGeneratorTest" time="0.001"/>
  <testcase name="testUniqueCustomersByGeozone" classname="application_tests.ReportGeneratorTest" time="0.0"/>
  <testcase name="testUniqueCustomersByGeozone_duplicateEntries" classname="application_tests.ReportGeneratorTest" time="0.0"/>
  <testcase name="testUniqueCustomersByGeozone_emptyEntries" classname="application_tests.ReportGeneratorTest" time="0.0"/>
  <testcase name="testUniqueCustomersByGeozone_singleEntry" classname="application_tests.ReportGeneratorTest" time="0.001"/>
  <testcase name="testAverageBuildDurationByGeozone" classname="application_tests.ExcelDataIntegrationTest" time="0.001"/>
  <testcase name="testDuplicateEntries" classname="application_tests.ExcelDataIntegrationTest" time="0.001"/>
  <testcase name="testEmptyEntries" classname="application_tests.ExcelDataIntegrationTest" time="0.001"/>
  <testcase name="testSingleEntry" classname="application_tests.ExcelDataIntegrationTest" time="0.0"/>
  <testcase name="testUniqueCustomerCountByContract" classname="application_tests.ExcelDataIntegrationTest" time="0.0"/>
  <testcase name="testUniqueCustomerCountByGeozone" classname="application_tests.ExcelDataIntegrationTest" time="0.0"/>
</testsuite>